SLF4J: Class path contains multiple SLF4J bindings.
SLF4J: Found binding in [jar:file:/home/huanke/Programs/zookeeper-3.5.0-alpha/build/lib/slf4j-log4j12-1.7.5.jar!/org/slf4j/impl/StaticLoggerBinder.class]
SLF4J: Found binding in [jar:file:/home/huanke/Programs/zookeeper-3.5.0-alpha/lib/slf4j-log4j12-1.7.5.jar!/org/slf4j/impl/StaticLoggerBinder.class]
SLF4J: See http://www.slf4j.org/codes.html#multiple_bindings for an explanation.
SLF4J: Actual binding is of type [org.slf4j.impl.Log4jLoggerFactory]
2017-03-16 21:59:45,168 [myid:] - INFO  [main:QuorumPeerConfig@109] - Reading configuration from: conf/zoo1.cfg
2017-03-16 21:59:45,170 [myid:] - WARN  [main:VerifyingFileFactory@55] - conf/zoo1.cfg is relative. Prepend ./ to indicate that you're sure!
2017-03-16 21:59:45,173 [myid:] - WARN  [main:QuorumPeerConfig@445] - No server failure will be tolerated. You need at least 3 servers.
2017-03-16 21:59:45,175 [myid:1] - INFO  [main:DatadirCleanupManager@78] - autopurge.snapRetainCount set to 3
2017-03-16 21:59:45,176 [myid:1] - INFO  [main:DatadirCleanupManager@79] - autopurge.purgeInterval set to 0
2017-03-16 21:59:45,176 [myid:1] - INFO  [main:DatadirCleanupManager@101] - Purge task is not scheduled.
2017-03-16 21:59:45,184 [myid:1] - INFO  [main:QuorumPeerMain@136] - Starting quorum peer
2017-03-16 21:59:45,190 [myid:1] - INFO  [main:NIOServerCnxnFactory@670] - Configuring NIO connection handler with 10s sessionless connection timeout, 1 selector thread(s), 8 worker threads, and 64 kB direct buffers.
2017-03-16 21:59:45,193 [myid:1] - INFO  [main:NIOServerCnxnFactory@683] - binding to port /0.0.0.0:2181
2017-03-16 21:59:45,213 [myid:1] - INFO  [main:Slf4jLog@67] - Logging to org.slf4j.impl.Log4jLoggerAdapter(org.mortbay.log) via org.mortbay.log.Slf4jLog
2017-03-16 21:59:45,233 [myid:1] - INFO  [main:QuorumPeer@1213] - Local sessions disabled
2017-03-16 21:59:45,234 [myid:1] - INFO  [main:QuorumPeer@1224] - Local session upgrading disabled
2017-03-16 21:59:45,234 [myid:1] - INFO  [main:QuorumPeer@1193] - tickTime set to 2000
2017-03-16 21:59:45,234 [myid:1] - INFO  [main:QuorumPeer@1235] - minSessionTimeout set to 4000
2017-03-16 21:59:45,234 [myid:1] - INFO  [main:QuorumPeer@1246] - maxSessionTimeout set to 40000
2017-03-16 21:59:45,234 [myid:1] - INFO  [main:QuorumPeer@1261] - initLimit set to 10
2017-03-16 21:59:45,244 [myid:1] - INFO  [main:QuorumPeer@677] - currentEpoch not found! Creating with a reasonable default of 0. This should only happen when you are upgrading your installation
2017-03-16 21:59:45,249 [myid:1] - INFO  [main:QuorumPeer@692] - acceptedEpoch not found! Creating with a reasonable default of 0. This should only happen when you are upgrading your installation
2017-03-16 21:59:45,253 [myid:1] - INFO  [main:Slf4jLog@67] - jetty-6.1.26
2017-03-16 21:59:45,274 [myid:1] - WARN  [main:Slf4jLog@76] - failed SocketConnector@0.0.0.0:8080: java.net.BindException: Address already in use (Bind failed)
2017-03-16 21:59:45,274 [myid:1] - WARN  [main:Slf4jLog@76] - failed Server@4678c730: java.net.BindException: Address already in use (Bind failed)
2017-03-16 21:59:45,276 [myid:1] - WARN  [main:QuorumPeer@656] - Problem starting AdminServer
org.apache.zookeeper.server.admin.AdminServer$AdminServerException: Problem starting AdminServer on port 8080, command URL /commands
	at org.apache.zookeeper.server.admin.JettyAdminServer.start(JettyAdminServer.java:90)
	at org.apache.zookeeper.server.quorum.QuorumPeer.start(QuorumPeer.java:654)
	at org.apache.zookeeper.server.quorum.QuorumPeerMain.runFromConfig(QuorumPeerMain.java:171)
	at org.apache.zookeeper.server.quorum.QuorumPeerMain.initializeAndRun(QuorumPeerMain.java:120)
	at org.apache.zookeeper.server.quorum.QuorumPeerMain.main(QuorumPeerMain.java:79)
Caused by: java.net.BindException: Address already in use (Bind failed)
	at java.net.PlainSocketImpl.socketBind(Native Method)
	at java.net.AbstractPlainSocketImpl.bind(AbstractPlainSocketImpl.java:387)
	at java.net.ServerSocket.bind(ServerSocket.java:375)
	at java.net.ServerSocket.<init>(ServerSocket.java:237)
	at java.net.ServerSocket.<init>(ServerSocket.java:181)
	at org.mortbay.jetty.bio.SocketConnector.newServerSocket(SocketConnector.java:80)
	at org.mortbay.jetty.bio.SocketConnector.open(SocketConnector.java:73)
	at org.mortbay.jetty.AbstractConnector.doStart(AbstractConnector.java:283)
	at org.mortbay.jetty.bio.SocketConnector.doStart(SocketConnector.java:147)
	at org.mortbay.component.AbstractLifeCycle.start(AbstractLifeCycle.java:50)
	at org.mortbay.jetty.Server.doStart(Server.java:235)
	at org.mortbay.component.AbstractLifeCycle.start(AbstractLifeCycle.java:50)
	at org.apache.zookeeper.server.admin.JettyAdminServer.start(JettyAdminServer.java:85)
	... 4 more
org.apache.zookeeper.server.admin.AdminServer$AdminServerException: Problem starting AdminServer on port 8080, command URL /commands
2017-03-16 21:59:45,280 [myid:1] - INFO  [QuorumPeerListener:QuorumCnxManager$Listener@550] - My election bind port: /127.0.0.1:3891
2017-03-16 21:59:45,289 [myid:1] - INFO  [QuorumPeer[myid=1]/0:0:0:0:0:0:0:0:2181:QuorumPeer@919] - LOOKING
2017-03-16 21:59:45,290 [myid:1] - INFO  [QuorumPeer[myid=1]/0:0:0:0:0:0:0:0:2181:FastLeaderElection@888] - New election. My id =  1, proposed zxid=0x0
2017-03-16 21:59:45,297 [myid:1] - INFO  [WorkerReceiver[myid=1]:FastLeaderElection@682] - Notification: 2 (message format version), 1 (n.leader), 0x0 (n.zxid), 0x1 (n.round), LOOKING (n.state), 1 (n.sid), 0x0 (n.peerEPoch), LOOKING (my state)0 (n.config version)
2017-03-16 21:59:45,298 [myid:1] - INFO  [WorkerReceiver[myid=1]:FastLeaderElection$Messenger$WorkerReceiver@293] - 1 Received version: 100000000 my version: 0
2017-03-16 21:59:45,301 [myid:1] - INFO  [WorkerReceiver[myid=1]:FastLeaderElection$Messenger$WorkerReceiver@298] - restarting leader election
2017-03-16 21:59:45,301 [myid:1] - INFO  [/127.0.0.1:3891:QuorumCnxManager$Listener@578] - Leaving listener
2017-03-16 21:59:45,302 [myid:1] - INFO  [WorkerReceiver[myid=1]:FastLeaderElection$Messenger$WorkerReceiver@434] - WorkerReceiver is down
2017-03-16 21:59:45,302 [myid:1] - WARN  [SendWorker:0:QuorumCnxManager$SendWorker@753] - Interrupted while waiting for message on queue
java.lang.InterruptedException
	at java.util.concurrent.locks.AbstractQueuedSynchronizer$ConditionObject.reportInterruptAfterWait(AbstractQueuedSynchronizer.java:2014)
	at java.util.concurrent.locks.AbstractQueuedSynchronizer$ConditionObject.awaitNanos(AbstractQueuedSynchronizer.java:2088)
	at java.util.concurrent.ArrayBlockingQueue.poll(ArrayBlockingQueue.java:418)
	at org.apache.zookeeper.server.quorum.QuorumCnxManager.pollSendQueue(QuorumCnxManager.java:906)
	at org.apache.zookeeper.server.quorum.QuorumCnxManager.access$500(QuorumCnxManager.java:62)
	at org.apache.zookeeper.server.quorum.QuorumCnxManager$SendWorker.run(QuorumCnxManager.java:741)
2017-03-16 21:59:45,302 [myid:1] - WARN  [RecvWorker:0:QuorumCnxManager$RecvWorker@837] - Connection broken for id 0, my id = 1, error = 
java.net.SocketException: Socket closed
	at java.net.SocketInputStream.socketRead0(Native Method)
	at java.net.SocketInputStream.socketRead(SocketInputStream.java:116)
	at java.net.SocketInputStream.read(SocketInputStream.java:171)
	at java.net.SocketInputStream.read(SocketInputStream.java:141)
	at java.net.SocketInputStream.read(SocketInputStream.java:224)
	at java.io.DataInputStream.readInt(DataInputStream.java:387)
	at org.apache.zookeeper.server.quorum.QuorumCnxManager$RecvWorker.run(QuorumCnxManager.java:821)
2017-03-16 21:59:45,302 [myid:1] - WARN  [SendWorker:0:QuorumCnxManager$SendWorker@762] - Send worker leaving thread  id 0 my id = 1
2017-03-16 21:59:45,302 [myid:1] - WARN  [RecvWorker:0:QuorumCnxManager$RecvWorker@840] - Interrupting SendWorker
2017-03-16 21:59:45,303 [myid:1] - INFO  [QuorumPeer[myid=1]/0:0:0:0:0:0:0:0:2181:MBeanRegistry@119] - Unregister MBean [org.apache.ZooKeeperService:name0=ReplicatedServer_id1,name1=replica.1,name2=LeaderElection]
2017-03-16 21:59:45,303 [myid:1] - INFO  [QuorumPeer[myid=1]/0:0:0:0:0:0:0:0:2181:QuorumPeer@919] - LOOKING
2017-03-16 21:59:45,303 [myid:1] - INFO  [QuorumPeerListener:QuorumCnxManager$Listener@550] - My election bind port: localhost/127.0.0.1:3891
2017-03-16 21:59:45,303 [myid:1] - INFO  [QuorumPeer[myid=1]/0:0:0:0:0:0:0:0:2181:FastLeaderElection@888] - New election. My id =  1, proposed zxid=0x0
2017-03-16 21:59:45,304 [myid:1] - INFO  [WorkerReceiver[myid=1]:FastLeaderElection@682] - Notification: 2 (message format version), -9223372036854775808 (n.leader), 0x0 (n.zxid), 0x1 (n.round), LOOKING (n.state), 1 (n.sid), 0x0 (n.peerEPoch), LOOKING (my state)100000000 (n.config version)
2017-03-16 21:59:45,312 [myid:1] - INFO  [WorkerReceiver[myid=1]:FastLeaderElection@682] - Notification: 2 (message format version), 0 (n.leader), 0x0 (n.zxid), 0x1 (n.round), LEADING (n.state), 0 (n.sid), 0x1 (n.peerEPoch), LOOKING (my state)100000000 (n.config version)
2017-03-16 21:59:45,312 [myid:1] - INFO  [WorkerReceiver[myid=1]:FastLeaderElection@682] - Notification: 2 (message format version), 0 (n.leader), 0x0 (n.zxid), 0x1 (n.round), LEADING (n.state), 0 (n.sid), 0x1 (n.peerEPoch), LOOKING (my state)100000000 (n.config version)
2017-03-16 21:59:45,513 [myid:1] - INFO  [QuorumPeer[myid=1]/0:0:0:0:0:0:0:0:2181:FastLeaderElection@922] - Notification time out: 400
2017-03-16 21:59:45,514 [myid:1] - INFO  [WorkerReceiver[myid=1]:FastLeaderElection@682] - Notification: 2 (message format version), -9223372036854775808 (n.leader), 0x0 (n.zxid), 0x1 (n.round), LOOKING (n.state), 1 (n.sid), 0x0 (n.peerEPoch), LOOKING (my state)100000000 (n.config version)
2017-03-16 21:59:45,516 [myid:1] - INFO  [WorkerReceiver[myid=1]:FastLeaderElection@682] - Notification: 2 (message format version), 0 (n.leader), 0x0 (n.zxid), 0x1 (n.round), LEADING (n.state), 0 (n.sid), 0x1 (n.peerEPoch), LOOKING (my state)100000000 (n.config version)
2017-03-16 21:59:45,918 [myid:1] - INFO  [QuorumPeer[myid=1]/0:0:0:0:0:0:0:0:2181:FastLeaderElection@922] - Notification time out: 800
2017-03-16 21:59:45,920 [myid:1] - INFO  [WorkerReceiver[myid=1]:FastLeaderElection@682] - Notification: 2 (message format version), -9223372036854775808 (n.leader), 0x0 (n.zxid), 0x1 (n.round), LOOKING (n.state), 1 (n.sid), 0x0 (n.peerEPoch), LOOKING (my state)100000000 (n.config version)
2017-03-16 21:59:45,921 [myid:1] - INFO  [WorkerReceiver[myid=1]:FastLeaderElection@682] - Notification: 2 (message format version), 0 (n.leader), 0x0 (n.zxid), 0x1 (n.round), LEADING (n.state), 0 (n.sid), 0x1 (n.peerEPoch), LOOKING (my state)100000000 (n.config version)
2017-03-16 21:59:46,723 [myid:1] - INFO  [QuorumPeer[myid=1]/0:0:0:0:0:0:0:0:2181:FastLeaderElection@922] - Notification time out: 1600
2017-03-16 21:59:46,725 [myid:1] - INFO  [WorkerReceiver[myid=1]:FastLeaderElection@682] - Notification: 2 (message format version), -9223372036854775808 (n.leader), 0x0 (n.zxid), 0x1 (n.round), LOOKING (n.state), 1 (n.sid), 0x0 (n.peerEPoch), LOOKING (my state)100000000 (n.config version)
2017-03-16 21:59:46,727 [myid:1] - INFO  [WorkerReceiver[myid=1]:FastLeaderElection@682] - Notification: 2 (message format version), 0 (n.leader), 0x0 (n.zxid), 0x1 (n.round), LEADING (n.state), 0 (n.sid), 0x1 (n.peerEPoch), LOOKING (my state)100000000 (n.config version)
2017-03-16 21:59:48,297 [myid:1] - INFO  [WorkerSender[myid=1]:FastLeaderElection$Messenger$WorkerSender@464] - WorkerSender is down
2017-03-16 21:59:48,329 [myid:1] - INFO  [QuorumPeer[myid=1]/0:0:0:0:0:0:0:0:2181:FastLeaderElection@922] - Notification time out: 3200
2017-03-16 21:59:48,330 [myid:1] - INFO  [WorkerReceiver[myid=1]:FastLeaderElection@682] - Notification: 2 (message format version), -9223372036854775808 (n.leader), 0x0 (n.zxid), 0x1 (n.round), LOOKING (n.state), 1 (n.sid), 0x0 (n.peerEPoch), LOOKING (my state)100000000 (n.config version)
2017-03-16 21:59:48,332 [myid:1] - INFO  [WorkerReceiver[myid=1]:FastLeaderElection@682] - Notification: 2 (message format version), 0 (n.leader), 0x0 (n.zxid), 0x1 (n.round), LEADING (n.state), 0 (n.sid), 0x1 (n.peerEPoch), LOOKING (my state)100000000 (n.config version)
2017-03-16 21:59:51,534 [myid:1] - INFO  [QuorumPeer[myid=1]/0:0:0:0:0:0:0:0:2181:FastLeaderElection@922] - Notification time out: 6400
2017-03-16 21:59:51,535 [myid:1] - INFO  [WorkerReceiver[myid=1]:FastLeaderElection@682] - Notification: 2 (message format version), -9223372036854775808 (n.leader), 0x0 (n.zxid), 0x1 (n.round), LOOKING (n.state), 1 (n.sid), 0x0 (n.peerEPoch), LOOKING (my state)100000000 (n.config version)
2017-03-16 21:59:51,537 [myid:1] - INFO  [WorkerReceiver[myid=1]:FastLeaderElection@682] - Notification: 2 (message format version), 0 (n.leader), 0x0 (n.zxid), 0x1 (n.round), LEADING (n.state), 0 (n.sid), 0x1 (n.peerEPoch), LOOKING (my state)100000000 (n.config version)
2017-03-16 21:59:57,940 [myid:1] - INFO  [QuorumPeer[myid=1]/0:0:0:0:0:0:0:0:2181:FastLeaderElection@922] - Notification time out: 12800
2017-03-16 21:59:57,941 [myid:1] - INFO  [WorkerReceiver[myid=1]:FastLeaderElection@682] - Notification: 2 (message format version), -9223372036854775808 (n.leader), 0x0 (n.zxid), 0x1 (n.round), LOOKING (n.state), 1 (n.sid), 2017-03-16 22:03:35,195 [myid:0] - INFO  [ProcessThread(sid:0 cport:-1)::PrepRequestProcessor@549] - Incremental reconfig
2017-03-16 22:03:35,197 [myid:0] - WARN  [ProcessThread(sid:0 cport:-1)::PrepRequestProcessor@613] - Reconfig failed - there must be a connected and synced quorum in new configuration
2017-03-16 22:03:35,202 [myid:0] - INFO  [ProcessThread(sid:0 cport:-1)::PrepRequestProcessor@849] - Got user-level KeeperException when processing sessionid:0x5ada34213f0000 type:reconfig cxid:0x1 zxid:0x100000002 txntype:-1 reqpath:n/a Error Path:null Error:KeeperErrorCode = NewConfigNoQuorum
2017-03-16 22:03:35,202 [myid:0] - INFO  [ProcessThread(sid:0 cport:-1)::Leader@1071] - @huankeL add Proposal to queuedPacket
2017-03-16 22:03:35,205 [myid:0] - INFO  [SyncThread:0:Leader@952] - @huankeL add Commit to queuedPacket
2017-03-16 22:03:51,433 [myid:0] - INFO  [ProcessThread(sid:0 cport:-1)::PrepRequestProcessor@549] - Incremental reconfig
2017-03-16 22:03:51,433 [myid:0] - WARN  [ProcessThread(sid:0 cport:-1)::PrepRequestProcessor@613] - Reconfig failed - there must be a connected and synced quorum in new configuration
2017-03-16 22:03:51,433 [myid:0] - INFO  [ProcessThread(sid:0 cport:-1)::PrepRequestProcessor@849] - Got user-level KeeperException when processing sessionid:0x5ada34213f0000 type:reconfig cxid:0x2 zxid:0x100000003 txntype:-1 reqpath:n/a Error Path:null Error:KeeperErrorCode = NewConfigNoQuorum
2017-03-16 22:03:51,434 [myid:0] - INFO  [ProcessThread(sid:0 cport:-1)::Leader@1071] - @huankeL add Proposal to queuedPacket
2017-03-16 22:03:51,436 [myid:0] - INFO  [SyncThread:0:Leader@952] - @huankeL add Commit to queuedPacket
2017-03-16 22:05:42,146 [myid:0] - INFO  [NIOWorkerThread-6:QuorumZooKeeperServer@132] - Submitting global closeSession request for session 0x5ada34213f0000
2017-03-16 22:05:42,148 [myid:0] - INFO  [ProcessThread(sid:0 cport:-1)::PrepRequestProcessor@676] - Processed session termination for sessionid: 0x5ada34213f0000
2017-03-16 22:05:42,148 [myid:0] - INFO  [ProcessThread(sid:0 cport:-1)::Leader@1071] - @huankeL add Proposal to queuedPacket
2017-03-16 22:05:42,152 [myid:0] - INFO  [SyncThread:0:Leader@952] - @huankeL add Commit to queuedPacket
2017-03-16 22:05:42,156 [myid:0] - INFO  [NIOWorkerThread-7:MBeanRegistry@119] - Unregister MBean [org.apache.ZooKeeperService:name0=ReplicatedServer_id0,name1=replica.0,name2=Leader,name3=Connections,name4=127.0.0.1,name5=0x5ada34213f0000]
2017-03-16 22:05:42,160 [myid:0] - INFO  [NIOWorkerThread-7:NIOServerCnxn@1006] - Closed socket connection for client /127.0.0.1:46734 which had sessionid 0x5ada34213f0000
r[myid=1]:FastLeaderElection@682] - Notification: 2 (message format version), -9223372036854775808 (n.leader), 0x0 (n.zxid), 0x1 (n.round), LOOKING (n.state), 1 (n.sid), 0x0 (n.peerEPoch), LOOKING (my state)100000000 (n.config version)
2017-03-16 22:02:27,562 [myid:1] - INFO  [WorkerReceiver[myid=1]:FastLeaderElection@682] - Notification: 2 (message format version), 0 (n.leader), 0x0 (n.zxid), 0x1 (n.round), LEADING (n.state), 0 (n.sid), 0x1 (n.peerEPoch), LOOKING (my state)100000000 (n.config version)
2017-03-16 22:03:27,564 [myid:1] - INFO  [QuorumPeer[myid=1]/0:0:0:0:0:0:0:0:2181:FastLeaderElection@922] - Notification time out: 60000
2017-03-16 22:03:27,565 [myid:1] - INFO  [WorkerReceiver[myid=1]:FastLeaderElection@682] - Notification: 2 (message format version), -9223372036854775808 (n.leader), 0x0 (n.zxid), 0x1 (n.round), LOOKING (n.state), 1 (n.sid), 0x0 (n.peerEPoch), LOOKING (my state)100000000 (n.config version)
2017-03-16 22:03:27,567 [myid:1] - INFO  [WorkerReceiver[myid=1]:FastLeaderElection@682] - Notification: 2 (message format version), 0 (n.leader), 0x0 (n.zxid), 0x1 (n.round), LEADING (n.state), 0 (n.sid), 0x1 (n.peerEPoch), LOOKING (my state)100000000 (n.config version)
2017-03-16 22:04:27,569 [myid:1] - INFO  [QuorumPeer[myid=1]/0:0:0:0:0:0:0:0:2181:FastLeaderElection@922] - Notification time out: 60000
2017-03-16 22:04:27,570 [myid:1] - INFO  [WorkerReceiver[myid=1]:FastLeaderElection@682] - Notification: 2 (message format version), -9223372036854775808 (n.leader), 0x0 (n.zxid), 0x1 (n.round), LOOKING (n.state), 1 (n.sid), 0x0 (n.peerEPoch), LOOKING (my state)100000000 (n.config version)
2017-03-16 22:04:27,571 [myid:1] - INFO  [WorkerReceiver[myid=1]:FastLeaderElection@682] - Notification: 2 (message format version), 0 (n.leader), 0x0 (n.zxid), 0x1 (n.round), LEADING (n.state), 0 (n.sid), 0x1 (n.peerEPoch), LOOKING (my state)100000000 (n.config version)
2017-03-16 22:05:27,573 [myid:1] - INFO  [QuorumPeer[myid=1]/0:0:0:0:0:0:0:0:2181:FastLeaderElection@922] - Notification time out: 60000
2017-03-16 22:05:27,575 [myid:1] - INFO  [WorkerReceiver[myid=1]:FastLeaderElection@682] - Notification: 2 (message format version), -9223372036854775808 (n.leader), 0x0 (n.zxid), 0x1 (n.round), LOOKING (n.state), 1 (n.sid), 0x0 (n.peerEPoch), LOOKING (my state)100000000 (n.config version)
2017-03-16 22:05:27,576 [myid:1] - INFO  [WorkerReceiver[myid=1]:FastLeaderElection@682] - Notification: 2 (message format version), 0 (n.leader), 0x0 (n.zxid), 0x1 (n.round), LEADING (n.state), 0 (n.sid), 0x1 (n.peerEPoch), LOOKING (my state)100000000 (n.config version)
2017-03-16 22:05:44,484 [myid:1] - WARN  [RecvWorker:0:QuorumCnxManager$RecvWorker@837] - Connection broken for id 0, my id = 1, error = 
java.io.EOFException
	at java.io.DataInputStream.readInt(DataInputStream.java:392)
	at org.apache.zookeeper.server.quorum.QuorumCnxManager$RecvWorker.run(QuorumCnxManager.java:821)
2017-03-16 22:05:44,484 [myid:1] - WARN  [RecvWorker:0:QuorumCnxManager$RecvWorker@840] - Interrupting SendWorker
2017-03-16 22:05:44,485 [myid:1] - WARN  [SendWorker:0:QuorumCnxManager$SendWorker@753] - Interrupted while waiting for message on queue
java.lang.InterruptedException
	at java.util.concurrent.locks.AbstractQueuedSynchronizer$ConditionObject.reportInterruptAfterWait(AbstractQueuedSynchronizer.java:2014)
	at java.util.concurrent.locks.AbstractQueuedSynchronizer$ConditionObject.awaitNanos(AbstractQueuedSynchronizer.java:2088)
	at java.util.concurrent.ArrayBlockingQueue.poll(ArrayBlockingQueue.java:418)
	at org.apache.zookeeper.server.quorum.QuorumCnxManager.pollSendQueue(QuorumCnxManager.java:906)
	at org.apache.zookeeper.server.quorum.QuorumCnxManager.access$500(QuorumCnxManager.java:62)
	at org.apache.zookeeper.server.quorum.QuorumCnxManager$SendWorker.run(QuorumCnxManager.java:741)
2017-03-16 22:05:44,485 [myid:1] - WARN  [SendWorker:0:QuorumCnxManager$SendWorker@762] - Send worker leaving thread  id 0 my id = 1
